2023-08-12T17:56:36.4506291+03:00 [WRN] (Microsoft.EntityFrameworkCore.Model.Validation) The property '"UserActionLog"."ChangedColumns"' is a collection or enumeration type with a value converter but with no value comparer. Set a value comparer to ensure the collection/enumeration elements are compared correctly.
2023-08-12T17:56:36.4701243+03:00 [WRN] (Microsoft.EntityFrameworkCore.Model.Validation) The property '"UserActionLog"."NewValues"' is a collection or enumeration type with a value converter but with no value comparer. Set a value comparer to ensure the collection/enumeration elements are compared correctly.
2023-08-12T17:56:36.4705003+03:00 [WRN] (Microsoft.EntityFrameworkCore.Model.Validation) The property '"UserActionLog"."OldValues"' is a collection or enumeration type with a value converter but with no value comparer. Set a value comparer to ensure the collection/enumeration elements are compared correctly.
2023-08-12T17:56:36.4708749+03:00 [WRN] (Microsoft.EntityFrameworkCore.Model.Validation) The property '"Airport"."CityName"' is a collection or enumeration type with a value converter but with no value comparer. Set a value comparer to ensure the collection/enumeration elements are compared correctly.
2023-08-12T17:56:36.4709279+03:00 [WRN] (Microsoft.EntityFrameworkCore.Model.Validation) The property '"Airport"."CountryName"' is a collection or enumeration type with a value converter but with no value comparer. Set a value comparer to ensure the collection/enumeration elements are compared correctly.
2023-08-12T17:56:36.4752715+03:00 [WRN] (Microsoft.EntityFrameworkCore.Model.Validation) The property '"Airport"."Name"' is a collection or enumeration type with a value converter but with no value comparer. Set a value comparer to ensure the collection/enumeration elements are compared correctly.
2023-08-12T17:56:36.5600988+03:00 [WRN] (Microsoft.EntityFrameworkCore.Model.Validation) The property '"UserActionLog"."ChangedColumns"' is a collection or enumeration type with a value converter but with no value comparer. Set a value comparer to ensure the collection/enumeration elements are compared correctly.
2023-08-12T17:56:36.5602008+03:00 [WRN] (Microsoft.EntityFrameworkCore.Model.Validation) The property '"UserActionLog"."NewValues"' is a collection or enumeration type with a value converter but with no value comparer. Set a value comparer to ensure the collection/enumeration elements are compared correctly.
2023-08-12T17:56:36.5602350+03:00 [WRN] (Microsoft.EntityFrameworkCore.Model.Validation) The property '"UserActionLog"."OldValues"' is a collection or enumeration type with a value converter but with no value comparer. Set a value comparer to ensure the collection/enumeration elements are compared correctly.
2023-08-12T17:56:36.5603819+03:00 [WRN] (Microsoft.EntityFrameworkCore.Model.Validation) The property '"Airport"."CityName"' is a collection or enumeration type with a value converter but with no value comparer. Set a value comparer to ensure the collection/enumeration elements are compared correctly.
2023-08-12T17:56:36.5604346+03:00 [WRN] (Microsoft.EntityFrameworkCore.Model.Validation) The property '"Airport"."CountryName"' is a collection or enumeration type with a value converter but with no value comparer. Set a value comparer to ensure the collection/enumeration elements are compared correctly.
2023-08-12T17:56:36.5604953+03:00 [WRN] (Microsoft.EntityFrameworkCore.Model.Validation) The property '"Airport"."Name"' is a collection or enumeration type with a value converter but with no value comparer. Set a value comparer to ensure the collection/enumeration elements are compared correctly.
2023-08-12T18:30:36.8909847+03:00 [WRN] (Microsoft.EntityFrameworkCore.Model.Validation) The property '"UserActionLog"."ChangedColumns"' is a collection or enumeration type with a value converter but with no value comparer. Set a value comparer to ensure the collection/enumeration elements are compared correctly.
2023-08-12T18:30:36.9056356+03:00 [WRN] (Microsoft.EntityFrameworkCore.Model.Validation) The property '"UserActionLog"."NewValues"' is a collection or enumeration type with a value converter but with no value comparer. Set a value comparer to ensure the collection/enumeration elements are compared correctly.
2023-08-12T18:30:36.9061022+03:00 [WRN] (Microsoft.EntityFrameworkCore.Model.Validation) The property '"UserActionLog"."OldValues"' is a collection or enumeration type with a value converter but with no value comparer. Set a value comparer to ensure the collection/enumeration elements are compared correctly.
2023-08-12T18:30:36.9064331+03:00 [WRN] (Microsoft.EntityFrameworkCore.Model.Validation) The property '"Airport"."CityName"' is a collection or enumeration type with a value converter but with no value comparer. Set a value comparer to ensure the collection/enumeration elements are compared correctly.
2023-08-12T18:30:36.9065223+03:00 [WRN] (Microsoft.EntityFrameworkCore.Model.Validation) The property '"Airport"."CountryName"' is a collection or enumeration type with a value converter but with no value comparer. Set a value comparer to ensure the collection/enumeration elements are compared correctly.
2023-08-12T18:30:36.9094505+03:00 [WRN] (Microsoft.EntityFrameworkCore.Model.Validation) The property '"Airport"."Name"' is a collection or enumeration type with a value converter but with no value comparer. Set a value comparer to ensure the collection/enumeration elements are compared correctly.
2023-08-12T18:30:37.8430462+03:00 [WRN] (Microsoft.EntityFrameworkCore.Model.Validation) The property '"UserActionLog"."ChangedColumns"' is a collection or enumeration type with a value converter but with no value comparer. Set a value comparer to ensure the collection/enumeration elements are compared correctly.
2023-08-12T18:30:37.8431636+03:00 [WRN] (Microsoft.EntityFrameworkCore.Model.Validation) The property '"UserActionLog"."NewValues"' is a collection or enumeration type with a value converter but with no value comparer. Set a value comparer to ensure the collection/enumeration elements are compared correctly.
2023-08-12T18:30:37.8432030+03:00 [WRN] (Microsoft.EntityFrameworkCore.Model.Validation) The property '"UserActionLog"."OldValues"' is a collection or enumeration type with a value converter but with no value comparer. Set a value comparer to ensure the collection/enumeration elements are compared correctly.
2023-08-12T18:30:37.8433203+03:00 [WRN] (Microsoft.EntityFrameworkCore.Model.Validation) The property '"Airport"."CityName"' is a collection or enumeration type with a value converter but with no value comparer. Set a value comparer to ensure the collection/enumeration elements are compared correctly.
2023-08-12T18:30:37.8433795+03:00 [WRN] (Microsoft.EntityFrameworkCore.Model.Validation) The property '"Airport"."CountryName"' is a collection or enumeration type with a value converter but with no value comparer. Set a value comparer to ensure the collection/enumeration elements are compared correctly.
2023-08-12T18:30:37.8434416+03:00 [WRN] (Microsoft.EntityFrameworkCore.Model.Validation) The property '"Airport"."Name"' is a collection or enumeration type with a value converter but with no value comparer. Set a value comparer to ensure the collection/enumeration elements are compared correctly.
2023-08-12T18:32:49.6716020+03:00 [INF] (FastEndpoints.StartupTimer) Registered 1 endpoints in 1351 milliseconds.
2023-08-12T18:32:50.0506240+03:00 [INF] (FastEndpoints.Swagger.ValidationSchemaProcessor) No validators found in the system!
2023-08-12T18:32:51.6730900+03:00 [WRN] (Microsoft.EntityFrameworkCore.Model.Validation) The property '"UserActionLog"."ChangedColumns"' is a collection or enumeration type with a value converter but with no value comparer. Set a value comparer to ensure the collection/enumeration elements are compared correctly.
2023-08-12T18:32:51.6784994+03:00 [WRN] (Microsoft.EntityFrameworkCore.Model.Validation) The property '"UserActionLog"."NewValues"' is a collection or enumeration type with a value converter but with no value comparer. Set a value comparer to ensure the collection/enumeration elements are compared correctly.
2023-08-12T18:32:51.6788503+03:00 [WRN] (Microsoft.EntityFrameworkCore.Model.Validation) The property '"UserActionLog"."OldValues"' is a collection or enumeration type with a value converter but with no value comparer. Set a value comparer to ensure the collection/enumeration elements are compared correctly.
2023-08-12T18:32:51.6792463+03:00 [WRN] (Microsoft.EntityFrameworkCore.Model.Validation) The property '"Airport"."CityName"' is a collection or enumeration type with a value converter but with no value comparer. Set a value comparer to ensure the collection/enumeration elements are compared correctly.
2023-08-12T18:32:51.6793313+03:00 [WRN] (Microsoft.EntityFrameworkCore.Model.Validation) The property '"Airport"."CountryName"' is a collection or enumeration type with a value converter but with no value comparer. Set a value comparer to ensure the collection/enumeration elements are compared correctly.
2023-08-12T18:32:51.6849951+03:00 [WRN] (Microsoft.EntityFrameworkCore.Model.Validation) The property '"Airport"."Name"' is a collection or enumeration type with a value converter but with no value comparer. Set a value comparer to ensure the collection/enumeration elements are compared correctly.
2023-08-12T18:33:37.8784234+03:00 [INF] (FastEndpoints.StartupTimer) Registered 1 endpoints in 540 milliseconds.
2023-08-12T18:33:38.0014112+03:00 [INF] (FastEndpoints.Swagger.ValidationSchemaProcessor) No validators found in the system!
2023-08-12T18:33:38.5125397+03:00 [WRN] (Microsoft.EntityFrameworkCore.Model.Validation) The property '"UserActionLog"."ChangedColumns"' is a collection or enumeration type with a value converter but with no value comparer. Set a value comparer to ensure the collection/enumeration elements are compared correctly.
2023-08-12T18:33:38.5149894+03:00 [WRN] (Microsoft.EntityFrameworkCore.Model.Validation) The property '"UserActionLog"."NewValues"' is a collection or enumeration type with a value converter but with no value comparer. Set a value comparer to ensure the collection/enumeration elements are compared correctly.
2023-08-12T18:33:38.5151916+03:00 [WRN] (Microsoft.EntityFrameworkCore.Model.Validation) The property '"UserActionLog"."OldValues"' is a collection or enumeration type with a value converter but with no value comparer. Set a value comparer to ensure the collection/enumeration elements are compared correctly.
2023-08-12T18:33:38.5154403+03:00 [WRN] (Microsoft.EntityFrameworkCore.Model.Validation) The property '"Airport"."CityName"' is a collection or enumeration type with a value converter but with no value comparer. Set a value comparer to ensure the collection/enumeration elements are compared correctly.
2023-08-12T18:33:38.5154988+03:00 [WRN] (Microsoft.EntityFrameworkCore.Model.Validation) The property '"Airport"."CountryName"' is a collection or enumeration type with a value converter but with no value comparer. Set a value comparer to ensure the collection/enumeration elements are compared correctly.
2023-08-12T18:33:38.5194101+03:00 [WRN] (Microsoft.EntityFrameworkCore.Model.Validation) The property '"Airport"."Name"' is a collection or enumeration type with a value converter but with no value comparer. Set a value comparer to ensure the collection/enumeration elements are compared correctly.
2023-08-12T18:41:18.1251201+03:00 [INF] (FastEndpoints.StartupTimer) Registered 1 endpoints in 570 milliseconds.
2023-08-12T18:41:18.2338856+03:00 [INF] (FastEndpoints.Swagger.ValidationSchemaProcessor) No validators found in the system!
2023-08-12T18:41:18.8167865+03:00 [WRN] (Microsoft.EntityFrameworkCore.Model.Validation) The property '"UserActionLog"."ChangedColumns"' is a collection or enumeration type with a value converter but with no value comparer. Set a value comparer to ensure the collection/enumeration elements are compared correctly.
2023-08-12T18:41:18.8199716+03:00 [WRN] (Microsoft.EntityFrameworkCore.Model.Validation) The property '"UserActionLog"."NewValues"' is a collection or enumeration type with a value converter but with no value comparer. Set a value comparer to ensure the collection/enumeration elements are compared correctly.
2023-08-12T18:41:18.8202834+03:00 [WRN] (Microsoft.EntityFrameworkCore.Model.Validation) The property '"UserActionLog"."OldValues"' is a collection or enumeration type with a value converter but with no value comparer. Set a value comparer to ensure the collection/enumeration elements are compared correctly.
2023-08-12T18:41:18.8205715+03:00 [WRN] (Microsoft.EntityFrameworkCore.Model.Validation) The property '"Airport"."CityName"' is a collection or enumeration type with a value converter but with no value comparer. Set a value comparer to ensure the collection/enumeration elements are compared correctly.
2023-08-12T18:41:18.8206396+03:00 [WRN] (Microsoft.EntityFrameworkCore.Model.Validation) The property '"Airport"."CountryName"' is a collection or enumeration type with a value converter but with no value comparer. Set a value comparer to ensure the collection/enumeration elements are compared correctly.
2023-08-12T18:41:18.8249984+03:00 [WRN] (Microsoft.EntityFrameworkCore.Model.Validation) The property '"Airport"."Name"' is a collection or enumeration type with a value converter but with no value comparer. Set a value comparer to ensure the collection/enumeration elements are compared correctly.
2023-08-12T18:42:34.2611010+03:00 [INF] (FastEndpoints.StartupTimer) Registered 1 endpoints in 555 milliseconds.
2023-08-12T18:42:34.3516859+03:00 [INF] (FastEndpoints.Swagger.ValidationSchemaProcessor) No validators found in the system!
2023-08-12T18:42:34.8688299+03:00 [WRN] (Microsoft.EntityFrameworkCore.Model.Validation) The property '"UserActionLog"."ChangedColumns"' is a collection or enumeration type with a value converter but with no value comparer. Set a value comparer to ensure the collection/enumeration elements are compared correctly.
2023-08-12T18:42:34.8712364+03:00 [WRN] (Microsoft.EntityFrameworkCore.Model.Validation) The property '"UserActionLog"."NewValues"' is a collection or enumeration type with a value converter but with no value comparer. Set a value comparer to ensure the collection/enumeration elements are compared correctly.
2023-08-12T18:42:34.8714329+03:00 [WRN] (Microsoft.EntityFrameworkCore.Model.Validation) The property '"UserActionLog"."OldValues"' is a collection or enumeration type with a value converter but with no value comparer. Set a value comparer to ensure the collection/enumeration elements are compared correctly.
2023-08-12T18:42:34.8716946+03:00 [WRN] (Microsoft.EntityFrameworkCore.Model.Validation) The property '"Airport"."CityName"' is a collection or enumeration type with a value converter but with no value comparer. Set a value comparer to ensure the collection/enumeration elements are compared correctly.
2023-08-12T18:42:34.8717504+03:00 [WRN] (Microsoft.EntityFrameworkCore.Model.Validation) The property '"Airport"."CountryName"' is a collection or enumeration type with a value converter but with no value comparer. Set a value comparer to ensure the collection/enumeration elements are compared correctly.
2023-08-12T18:42:34.8762168+03:00 [WRN] (Microsoft.EntityFrameworkCore.Model.Validation) The property '"Airport"."Name"' is a collection or enumeration type with a value converter but with no value comparer. Set a value comparer to ensure the collection/enumeration elements are compared correctly.
2023-08-12T18:45:07.9196946+03:00 [INF] (FastEndpoints.StartupTimer) Registered 1 endpoints in 544 milliseconds.
2023-08-12T18:45:08.0120906+03:00 [INF] (FastEndpoints.Swagger.ValidationSchemaProcessor) No validators found in the system!
2023-08-12T18:45:08.5255732+03:00 [WRN] (Microsoft.EntityFrameworkCore.Model.Validation) The property '"UserActionLog"."ChangedColumns"' is a collection or enumeration type with a value converter but with no value comparer. Set a value comparer to ensure the collection/enumeration elements are compared correctly.
2023-08-12T18:45:08.5279799+03:00 [WRN] (Microsoft.EntityFrameworkCore.Model.Validation) The property '"UserActionLog"."NewValues"' is a collection or enumeration type with a value converter but with no value comparer. Set a value comparer to ensure the collection/enumeration elements are compared correctly.
2023-08-12T18:45:08.5282373+03:00 [WRN] (Microsoft.EntityFrameworkCore.Model.Validation) The property '"UserActionLog"."OldValues"' is a collection or enumeration type with a value converter but with no value comparer. Set a value comparer to ensure the collection/enumeration elements are compared correctly.
2023-08-12T18:45:08.5285084+03:00 [WRN] (Microsoft.EntityFrameworkCore.Model.Validation) The property '"Airport"."CityName"' is a collection or enumeration type with a value converter but with no value comparer. Set a value comparer to ensure the collection/enumeration elements are compared correctly.
2023-08-12T18:45:08.5285629+03:00 [WRN] (Microsoft.EntityFrameworkCore.Model.Validation) The property '"Airport"."CountryName"' is a collection or enumeration type with a value converter but with no value comparer. Set a value comparer to ensure the collection/enumeration elements are compared correctly.
2023-08-12T18:45:08.5324841+03:00 [WRN] (Microsoft.EntityFrameworkCore.Model.Validation) The property '"Airport"."Name"' is a collection or enumeration type with a value converter but with no value comparer. Set a value comparer to ensure the collection/enumeration elements are compared correctly.
2023-08-12T19:19:31.0411262+03:00 [INF] (FastEndpoints.StartupTimer) Registered 4 endpoints in 585 milliseconds.
2023-08-12T19:19:31.1335183+03:00 [INF] (FastEndpoints.Swagger.ValidationSchemaProcessor) No validators found in the system!
2023-08-12T19:19:31.7226721+03:00 [WRN] (Microsoft.EntityFrameworkCore.Model.Validation) The property '"UserActionLog"."ChangedColumns"' is a collection or enumeration type with a value converter but with no value comparer. Set a value comparer to ensure the collection/enumeration elements are compared correctly.
2023-08-12T19:19:31.7251269+03:00 [WRN] (Microsoft.EntityFrameworkCore.Model.Validation) The property '"UserActionLog"."NewValues"' is a collection or enumeration type with a value converter but with no value comparer. Set a value comparer to ensure the collection/enumeration elements are compared correctly.
2023-08-12T19:19:31.7253351+03:00 [WRN] (Microsoft.EntityFrameworkCore.Model.Validation) The property '"UserActionLog"."OldValues"' is a collection or enumeration type with a value converter but with no value comparer. Set a value comparer to ensure the collection/enumeration elements are compared correctly.
2023-08-12T19:19:31.7255965+03:00 [WRN] (Microsoft.EntityFrameworkCore.Model.Validation) The property '"Airport"."CityName"' is a collection or enumeration type with a value converter but with no value comparer. Set a value comparer to ensure the collection/enumeration elements are compared correctly.
2023-08-12T19:19:31.7256573+03:00 [WRN] (Microsoft.EntityFrameworkCore.Model.Validation) The property '"Airport"."CountryName"' is a collection or enumeration type with a value converter but with no value comparer. Set a value comparer to ensure the collection/enumeration elements are compared correctly.
2023-08-12T19:19:31.7296536+03:00 [WRN] (Microsoft.EntityFrameworkCore.Model.Validation) The property '"Airport"."Name"' is a collection or enumeration type with a value converter but with no value comparer. Set a value comparer to ensure the collection/enumeration elements are compared correctly.
2023-08-12T19:20:41.3187042+03:00 [INF] (FastEndpoints.StartupTimer) Registered 4 endpoints in 586 milliseconds.
2023-08-12T19:20:41.4143267+03:00 [INF] (FastEndpoints.Swagger.ValidationSchemaProcessor) No validators found in the system!
2023-08-12T19:20:41.9714480+03:00 [WRN] (Microsoft.EntityFrameworkCore.Model.Validation) The property '"UserActionLog"."ChangedColumns"' is a collection or enumeration type with a value converter but with no value comparer. Set a value comparer to ensure the collection/enumeration elements are compared correctly.
2023-08-12T19:20:41.9759338+03:00 [WRN] (Microsoft.EntityFrameworkCore.Model.Validation) The property '"UserActionLog"."NewValues"' is a collection or enumeration type with a value converter but with no value comparer. Set a value comparer to ensure the collection/enumeration elements are compared correctly.
2023-08-12T19:20:41.9762874+03:00 [WRN] (Microsoft.EntityFrameworkCore.Model.Validation) The property '"UserActionLog"."OldValues"' is a collection or enumeration type with a value converter but with no value comparer. Set a value comparer to ensure the collection/enumeration elements are compared correctly.
2023-08-12T19:20:41.9766317+03:00 [WRN] (Microsoft.EntityFrameworkCore.Model.Validation) The property '"Airport"."CityName"' is a collection or enumeration type with a value converter but with no value comparer. Set a value comparer to ensure the collection/enumeration elements are compared correctly.
2023-08-12T19:20:41.9767099+03:00 [WRN] (Microsoft.EntityFrameworkCore.Model.Validation) The property '"Airport"."CountryName"' is a collection or enumeration type with a value converter but with no value comparer. Set a value comparer to ensure the collection/enumeration elements are compared correctly.
2023-08-12T19:20:41.9809277+03:00 [WRN] (Microsoft.EntityFrameworkCore.Model.Validation) The property '"Airport"."Name"' is a collection or enumeration type with a value converter but with no value comparer. Set a value comparer to ensure the collection/enumeration elements are compared correctly.
