2023-08-18T19:23:55.9607336+03:00 [WRN] (Microsoft.EntityFrameworkCore.Model.Validation) The property '"UserActionLog"."ChangedColumns"' is a collection or enumeration type with a value converter but with no value comparer. Set a value comparer to ensure the collection/enumeration elements are compared correctly.
2023-08-18T19:23:57.7872124+03:00 [WRN] (Microsoft.EntityFrameworkCore.Model.Validation) The property '"UserActionLog"."NewValues"' is a collection or enumeration type with a value converter but with no value comparer. Set a value comparer to ensure the collection/enumeration elements are compared correctly.
2023-08-18T19:23:57.7879620+03:00 [WRN] (Microsoft.EntityFrameworkCore.Model.Validation) The property '"UserActionLog"."OldValues"' is a collection or enumeration type with a value converter but with no value comparer. Set a value comparer to ensure the collection/enumeration elements are compared correctly.
2023-08-18T19:24:44.9420411+03:00 [WRN] (Microsoft.EntityFrameworkCore.Model.Validation) The property '"UserActionLog"."ChangedColumns"' is a collection or enumeration type with a value converter but with no value comparer. Set a value comparer to ensure the collection/enumeration elements are compared correctly.
2023-08-18T19:24:44.9894746+03:00 [WRN] (Microsoft.EntityFrameworkCore.Model.Validation) The property '"UserActionLog"."NewValues"' is a collection or enumeration type with a value converter but with no value comparer. Set a value comparer to ensure the collection/enumeration elements are compared correctly.
2023-08-18T19:24:44.9900281+03:00 [WRN] (Microsoft.EntityFrameworkCore.Model.Validation) The property '"UserActionLog"."OldValues"' is a collection or enumeration type with a value converter but with no value comparer. Set a value comparer to ensure the collection/enumeration elements are compared correctly.
2023-08-18T19:24:45.2481242+03:00 [WRN] (Microsoft.EntityFrameworkCore.Model.Validation) The property '"UserActionLog"."ChangedColumns"' is a collection or enumeration type with a value converter but with no value comparer. Set a value comparer to ensure the collection/enumeration elements are compared correctly.
2023-08-18T19:24:45.2482533+03:00 [WRN] (Microsoft.EntityFrameworkCore.Model.Validation) The property '"UserActionLog"."NewValues"' is a collection or enumeration type with a value converter but with no value comparer. Set a value comparer to ensure the collection/enumeration elements are compared correctly.
2023-08-18T19:24:45.2483137+03:00 [WRN] (Microsoft.EntityFrameworkCore.Model.Validation) The property '"UserActionLog"."OldValues"' is a collection or enumeration type with a value converter but with no value comparer. Set a value comparer to ensure the collection/enumeration elements are compared correctly.
2023-08-18T19:44:31.8912550+03:00 [WRN] (Microsoft.EntityFrameworkCore.Model.Validation) The property '"UserActionLog"."ChangedColumns"' is a collection or enumeration type with a value converter but with no value comparer. Set a value comparer to ensure the collection/enumeration elements are compared correctly.
2023-08-18T19:44:31.9328202+03:00 [WRN] (Microsoft.EntityFrameworkCore.Model.Validation) The property '"UserActionLog"."NewValues"' is a collection or enumeration type with a value converter but with no value comparer. Set a value comparer to ensure the collection/enumeration elements are compared correctly.
2023-08-18T19:44:31.9332180+03:00 [WRN] (Microsoft.EntityFrameworkCore.Model.Validation) The property '"UserActionLog"."OldValues"' is a collection or enumeration type with a value converter but with no value comparer. Set a value comparer to ensure the collection/enumeration elements are compared correctly.
2023-08-18T19:48:11.1048924+03:00 [WRN] (Microsoft.EntityFrameworkCore.Model.Validation) The property '"UserActionLog"."ChangedColumns"' is a collection or enumeration type with a value converter but with no value comparer. Set a value comparer to ensure the collection/enumeration elements are compared correctly.
2023-08-18T19:48:11.1948841+03:00 [WRN] (Microsoft.EntityFrameworkCore.Model.Validation) The property '"UserActionLog"."NewValues"' is a collection or enumeration type with a value converter but with no value comparer. Set a value comparer to ensure the collection/enumeration elements are compared correctly.
2023-08-18T19:48:11.1962223+03:00 [WRN] (Microsoft.EntityFrameworkCore.Model.Validation) The property '"UserActionLog"."OldValues"' is a collection or enumeration type with a value converter but with no value comparer. Set a value comparer to ensure the collection/enumeration elements are compared correctly.
2023-08-18T19:48:13.2867711+03:00 [WRN] (Microsoft.EntityFrameworkCore.Model.Validation) The property '"UserActionLog"."ChangedColumns"' is a collection or enumeration type with a value converter but with no value comparer. Set a value comparer to ensure the collection/enumeration elements are compared correctly.
2023-08-18T19:48:13.2869213+03:00 [WRN] (Microsoft.EntityFrameworkCore.Model.Validation) The property '"UserActionLog"."NewValues"' is a collection or enumeration type with a value converter but with no value comparer. Set a value comparer to ensure the collection/enumeration elements are compared correctly.
2023-08-18T19:48:13.2869974+03:00 [WRN] (Microsoft.EntityFrameworkCore.Model.Validation) The property '"UserActionLog"."OldValues"' is a collection or enumeration type with a value converter but with no value comparer. Set a value comparer to ensure the collection/enumeration elements are compared correctly.
2023-08-18T19:49:35.8565833+03:00 [INF] (FastEndpoints.StartupTimer) Registered 10 endpoints in 2080 milliseconds.
2023-08-18T19:49:36.0425036+03:00 [INF] (FastEndpoints.Swagger.ValidationSchemaProcessor) No validators found in the system!
2023-08-18T19:49:37.9895913+03:00 [WRN] (Microsoft.EntityFrameworkCore.Model.Validation) The property '"UserActionLog"."ChangedColumns"' is a collection or enumeration type with a value converter but with no value comparer. Set a value comparer to ensure the collection/enumeration elements are compared correctly.
2023-08-18T19:49:37.9946244+03:00 [WRN] (Microsoft.EntityFrameworkCore.Model.Validation) The property '"UserActionLog"."NewValues"' is a collection or enumeration type with a value converter but with no value comparer. Set a value comparer to ensure the collection/enumeration elements are compared correctly.
2023-08-18T19:49:37.9951059+03:00 [WRN] (Microsoft.EntityFrameworkCore.Model.Validation) The property '"UserActionLog"."OldValues"' is a collection or enumeration type with a value converter but with no value comparer. Set a value comparer to ensure the collection/enumeration elements are compared correctly.
2023-08-18T19:59:23.9321699+03:00 [INF] (FastEndpoints.StartupTimer) Registered 10 endpoints in 1477 milliseconds.
2023-08-18T19:59:24.0771196+03:00 [INF] (FastEndpoints.Swagger.ValidationSchemaProcessor) No validators found in the system!
2023-08-18T19:59:25.0587653+03:00 [WRN] (Microsoft.EntityFrameworkCore.Model.Validation) The property '"UserActionLog"."ChangedColumns"' is a collection or enumeration type with a value converter but with no value comparer. Set a value comparer to ensure the collection/enumeration elements are compared correctly.
2023-08-18T19:59:25.0633973+03:00 [WRN] (Microsoft.EntityFrameworkCore.Model.Validation) The property '"UserActionLog"."NewValues"' is a collection or enumeration type with a value converter but with no value comparer. Set a value comparer to ensure the collection/enumeration elements are compared correctly.
2023-08-18T19:59:25.0636763+03:00 [WRN] (Microsoft.EntityFrameworkCore.Model.Validation) The property '"UserActionLog"."OldValues"' is a collection or enumeration type with a value converter but with no value comparer. Set a value comparer to ensure the collection/enumeration elements are compared correctly.
2023-08-18T20:04:17.0654233+03:00 [ERR] (Microsoft.EntityFrameworkCore.Database.Command) Failed executing DbCommand ("0"ms) [Parameters=["@p0='?' (Size = 450), @p1='?' (Size = 4000), @p2='?' (Size = 4000), @p3='?' (DbType = DateTime2), @p4='?' (Size = 4000), @p5='?' (Size = 4000), @p6='?' (DbType = DateTime2), @p7='?' (Size = 450), @p8='?' (Size = 450), @p9='?' (Size = 4000)"], CommandType='Text', CommandTimeout='30']"
""SET IMPLICIT_TRANSACTIONS OFF;
SET NOCOUNT ON;
INSERT INTO [Segments] ([Id], [Color], [CreatedBy], [CreatedDate], [Label], [ModifiedBy], [ModifiedDate], [RewardId], [SpinningWheelId], [TextColor])
VALUES (@p0, @p1, @p2, @p3, @p4, @p5, @p6, @p7, @p8, @p9);"
2023-08-18T20:04:17.1187051+03:00 [ERR] (Microsoft.EntityFrameworkCore.Update) An exception occurred in the database while saving changes for context type '"Persistence.AppDbContext"'."
""Microsoft.EntityFrameworkCore.DbUpdateException: An error occurred while saving the entity changes. See the inner exception for details.
 ---> Microsoft.Data.SqlClient.SqlException (0x80131904): The INSERT statement conflicted with the FOREIGN KEY constraint \"FK_Segments_Rewards_RewardId\". The conflict occurred in database \"SpinningWheelDB2\", table \"dbo.Rewards\", column 'Id'.
The statement has been terminated.
   at Microsoft.Data.SqlClient.SqlCommand.<>c.<ExecuteDbDataReaderAsync>b__208_0(Task`1 result)
   at System.Threading.Tasks.ContinuationResultTaskFromResultTask`2.InnerInvoke()
   at System.Threading.Tasks.Task.<>c.<.cctor>b__273_0(Object obj)
   at System.Threading.ExecutionContext.RunInternal(ExecutionContext executionContext, ContextCallback callback, Object state)
--- End of stack trace from previous location ---
   at System.Threading.ExecutionContext.RunInternal(ExecutionContext executionContext, ContextCallback callback, Object state)
   at System.Threading.Tasks.Task.ExecuteWithThreadLocal(Task& currentTaskSlot, Thread threadPoolThread)
--- End of stack trace from previous location ---
   at Microsoft.EntityFrameworkCore.Storage.RelationalCommand.ExecuteReaderAsync(RelationalCommandParameterObject parameterObject, CancellationToken cancellationToken)
   at Microsoft.EntityFrameworkCore.Storage.RelationalCommand.ExecuteReaderAsync(RelationalCommandParameterObject parameterObject, CancellationToken cancellationToken)
   at Microsoft.EntityFrameworkCore.Update.ReaderModificationCommandBatch.ExecuteAsync(IRelationalConnection connection, CancellationToken cancellationToken)
ClientConnectionId:2a030818-b536-4499-8868-0b82872dfc96
Error Number:547,State:0,Class:16
   --- End of inner exception stack trace ---
   at Microsoft.EntityFrameworkCore.Update.ReaderModificationCommandBatch.ExecuteAsync(IRelationalConnection connection, CancellationToken cancellationToken)
   at Microsoft.EntityFrameworkCore.SqlServer.Update.Internal.SqlServerModificationCommandBatch.ExecuteAsync(IRelationalConnection connection, CancellationToken cancellationToken)
   at Microsoft.EntityFrameworkCore.Update.Internal.BatchExecutor.ExecuteAsync(IEnumerable`1 commandBatches, IRelationalConnection connection, CancellationToken cancellationToken)
   at Microsoft.EntityFrameworkCore.Update.Internal.BatchExecutor.ExecuteAsync(IEnumerable`1 commandBatches, IRelationalConnection connection, CancellationToken cancellationToken)
   at Microsoft.EntityFrameworkCore.Update.Internal.BatchExecutor.ExecuteAsync(IEnumerable`1 commandBatches, IRelationalConnection connection, CancellationToken cancellationToken)
   at Microsoft.EntityFrameworkCore.ChangeTracking.Internal.StateManager.SaveChangesAsync(IList`1 entriesToSave, CancellationToken cancellationToken)
   at Microsoft.EntityFrameworkCore.ChangeTracking.Internal.StateManager.SaveChangesAsync(StateManager stateManager, Boolean acceptAllChangesOnSuccess, CancellationToken cancellationToken)
   at Microsoft.EntityFrameworkCore.SqlServer.Storage.Internal.SqlServerExecutionStrategy.ExecuteAsync[TState,TResult](TState state, Func`4 operation, Func`4 verifySucceeded, CancellationToken cancellationToken)
   at Microsoft.EntityFrameworkCore.DbContext.SaveChangesAsync(Boolean acceptAllChangesOnSuccess, CancellationToken cancellationToken)"
Microsoft.EntityFrameworkCore.DbUpdateException: An error occurred while saving the entity changes. See the inner exception for details.
 ---> Microsoft.Data.SqlClient.SqlException (0x80131904): The INSERT statement conflicted with the FOREIGN KEY constraint "FK_Segments_Rewards_RewardId". The conflict occurred in database "SpinningWheelDB2", table "dbo.Rewards", column 'Id'.
The statement has been terminated.
   at Microsoft.Data.SqlClient.SqlCommand.<>c.<ExecuteDbDataReaderAsync>b__208_0(Task`1 result)
   at System.Threading.Tasks.ContinuationResultTaskFromResultTask`2.InnerInvoke()
   at System.Threading.Tasks.Task.<>c.<.cctor>b__273_0(Object obj)
   at System.Threading.ExecutionContext.RunInternal(ExecutionContext executionContext, ContextCallback callback, Object state)
--- End of stack trace from previous location ---
   at System.Threading.ExecutionContext.RunInternal(ExecutionContext executionContext, ContextCallback callback, Object state)
   at System.Threading.Tasks.Task.ExecuteWithThreadLocal(Task& currentTaskSlot, Thread threadPoolThread)
--- End of stack trace from previous location ---
   at Microsoft.EntityFrameworkCore.Storage.RelationalCommand.ExecuteReaderAsync(RelationalCommandParameterObject parameterObject, CancellationToken cancellationToken)
   at Microsoft.EntityFrameworkCore.Storage.RelationalCommand.ExecuteReaderAsync(RelationalCommandParameterObject parameterObject, CancellationToken cancellationToken)
   at Microsoft.EntityFrameworkCore.Update.ReaderModificationCommandBatch.ExecuteAsync(IRelationalConnection connection, CancellationToken cancellationToken)
ClientConnectionId:2a030818-b536-4499-8868-0b82872dfc96
Error Number:547,State:0,Class:16
   --- End of inner exception stack trace ---
   at Microsoft.EntityFrameworkCore.Update.ReaderModificationCommandBatch.ExecuteAsync(IRelationalConnection connection, CancellationToken cancellationToken)
   at Microsoft.EntityFrameworkCore.SqlServer.Update.Internal.SqlServerModificationCommandBatch.ExecuteAsync(IRelationalConnection connection, CancellationToken cancellationToken)
   at Microsoft.EntityFrameworkCore.Update.Internal.BatchExecutor.ExecuteAsync(IEnumerable`1 commandBatches, IRelationalConnection connection, CancellationToken cancellationToken)
   at Microsoft.EntityFrameworkCore.Update.Internal.BatchExecutor.ExecuteAsync(IEnumerable`1 commandBatches, IRelationalConnection connection, CancellationToken cancellationToken)
   at Microsoft.EntityFrameworkCore.Update.Internal.BatchExecutor.ExecuteAsync(IEnumerable`1 commandBatches, IRelationalConnection connection, CancellationToken cancellationToken)
   at Microsoft.EntityFrameworkCore.ChangeTracking.Internal.StateManager.SaveChangesAsync(IList`1 entriesToSave, CancellationToken cancellationToken)
   at Microsoft.EntityFrameworkCore.ChangeTracking.Internal.StateManager.SaveChangesAsync(StateManager stateManager, Boolean acceptAllChangesOnSuccess, CancellationToken cancellationToken)
   at Microsoft.EntityFrameworkCore.SqlServer.Storage.Internal.SqlServerExecutionStrategy.ExecuteAsync[TState,TResult](TState state, Func`4 operation, Func`4 verifySucceeded, CancellationToken cancellationToken)
   at Microsoft.EntityFrameworkCore.DbContext.SaveChangesAsync(Boolean acceptAllChangesOnSuccess, CancellationToken cancellationToken)
2023-08-18T20:04:17.2505216+03:00 [ERR] (Persistence.UOW.AppUnitOfWork) [AppUnitOfWork] Failed to save changes to database
Microsoft.EntityFrameworkCore.DbUpdateException: An error occurred while saving the entity changes. See the inner exception for details.
 ---> Microsoft.Data.SqlClient.SqlException (0x80131904): The INSERT statement conflicted with the FOREIGN KEY constraint "FK_Segments_Rewards_RewardId". The conflict occurred in database "SpinningWheelDB2", table "dbo.Rewards", column 'Id'.
The statement has been terminated.
   at Microsoft.Data.SqlClient.SqlCommand.<>c.<ExecuteDbDataReaderAsync>b__208_0(Task`1 result)
   at System.Threading.Tasks.ContinuationResultTaskFromResultTask`2.InnerInvoke()
   at System.Threading.Tasks.Task.<>c.<.cctor>b__273_0(Object obj)
   at System.Threading.ExecutionContext.RunInternal(ExecutionContext executionContext, ContextCallback callback, Object state)
--- End of stack trace from previous location ---
   at System.Threading.ExecutionContext.RunInternal(ExecutionContext executionContext, ContextCallback callback, Object state)
   at System.Threading.Tasks.Task.ExecuteWithThreadLocal(Task& currentTaskSlot, Thread threadPoolThread)
--- End of stack trace from previous location ---
   at Microsoft.EntityFrameworkCore.Storage.RelationalCommand.ExecuteReaderAsync(RelationalCommandParameterObject parameterObject, CancellationToken cancellationToken)
   at Microsoft.EntityFrameworkCore.Storage.RelationalCommand.ExecuteReaderAsync(RelationalCommandParameterObject parameterObject, CancellationToken cancellationToken)
   at Microsoft.EntityFrameworkCore.Update.ReaderModificationCommandBatch.ExecuteAsync(IRelationalConnection connection, CancellationToken cancellationToken)
ClientConnectionId:2a030818-b536-4499-8868-0b82872dfc96
Error Number:547,State:0,Class:16
   --- End of inner exception stack trace ---
   at Microsoft.EntityFrameworkCore.Update.ReaderModificationCommandBatch.ExecuteAsync(IRelationalConnection connection, CancellationToken cancellationToken)
   at Microsoft.EntityFrameworkCore.SqlServer.Update.Internal.SqlServerModificationCommandBatch.ExecuteAsync(IRelationalConnection connection, CancellationToken cancellationToken)
   at Microsoft.EntityFrameworkCore.Update.Internal.BatchExecutor.ExecuteAsync(IEnumerable`1 commandBatches, IRelationalConnection connection, CancellationToken cancellationToken)
   at Microsoft.EntityFrameworkCore.Update.Internal.BatchExecutor.ExecuteAsync(IEnumerable`1 commandBatches, IRelationalConnection connection, CancellationToken cancellationToken)
   at Microsoft.EntityFrameworkCore.Update.Internal.BatchExecutor.ExecuteAsync(IEnumerable`1 commandBatches, IRelationalConnection connection, CancellationToken cancellationToken)
   at Microsoft.EntityFrameworkCore.ChangeTracking.Internal.StateManager.SaveChangesAsync(IList`1 entriesToSave, CancellationToken cancellationToken)
   at Microsoft.EntityFrameworkCore.ChangeTracking.Internal.StateManager.SaveChangesAsync(StateManager stateManager, Boolean acceptAllChangesOnSuccess, CancellationToken cancellationToken)
   at Microsoft.EntityFrameworkCore.SqlServer.Storage.Internal.SqlServerExecutionStrategy.ExecuteAsync[TState,TResult](TState state, Func`4 operation, Func`4 verifySucceeded, CancellationToken cancellationToken)
   at Microsoft.EntityFrameworkCore.DbContext.SaveChangesAsync(Boolean acceptAllChangesOnSuccess, CancellationToken cancellationToken)
   at Microsoft.EntityFrameworkCore.DbContext.SaveChangesAsync(Boolean acceptAllChangesOnSuccess, CancellationToken cancellationToken)
   at Persistence.UOW.AppUnitOfWork.SaveChangesAsync(CancellationToken cancellationToken) in C:\Users\ahmed\Desktop\Back\Back\src\Persistence\UOW\AppUnitOfWork.cs:line 36
2023-08-18T20:04:17.4488268+03:00 [ERR] (Application.Segments.Commands.CreateSegmentCommand) [CreateSegmentCommand] Exception in "CreateSegmentCommand"
Microsoft.EntityFrameworkCore.DbUpdateException: An error occurred while saving the entity changes. See the inner exception for details.
 ---> Microsoft.Data.SqlClient.SqlException (0x80131904): The INSERT statement conflicted with the FOREIGN KEY constraint "FK_Segments_Rewards_RewardId". The conflict occurred in database "SpinningWheelDB2", table "dbo.Rewards", column 'Id'.
The statement has been terminated.
   at Microsoft.Data.SqlClient.SqlCommand.<>c.<ExecuteDbDataReaderAsync>b__208_0(Task`1 result)
   at System.Threading.Tasks.ContinuationResultTaskFromResultTask`2.InnerInvoke()
   at System.Threading.Tasks.Task.<>c.<.cctor>b__273_0(Object obj)
   at System.Threading.ExecutionContext.RunInternal(ExecutionContext executionContext, ContextCallback callback, Object state)
--- End of stack trace from previous location ---
   at System.Threading.ExecutionContext.RunInternal(ExecutionContext executionContext, ContextCallback callback, Object state)
   at System.Threading.Tasks.Task.ExecuteWithThreadLocal(Task& currentTaskSlot, Thread threadPoolThread)
--- End of stack trace from previous location ---
   at Microsoft.EntityFrameworkCore.Storage.RelationalCommand.ExecuteReaderAsync(RelationalCommandParameterObject parameterObject, CancellationToken cancellationToken)
   at Microsoft.EntityFrameworkCore.Storage.RelationalCommand.ExecuteReaderAsync(RelationalCommandParameterObject parameterObject, CancellationToken cancellationToken)
   at Microsoft.EntityFrameworkCore.Update.ReaderModificationCommandBatch.ExecuteAsync(IRelationalConnection connection, CancellationToken cancellationToken)
ClientConnectionId:2a030818-b536-4499-8868-0b82872dfc96
Error Number:547,State:0,Class:16
   --- End of inner exception stack trace ---
   at Microsoft.EntityFrameworkCore.Update.ReaderModificationCommandBatch.ExecuteAsync(IRelationalConnection connection, CancellationToken cancellationToken)
   at Microsoft.EntityFrameworkCore.SqlServer.Update.Internal.SqlServerModificationCommandBatch.ExecuteAsync(IRelationalConnection connection, CancellationToken cancellationToken)
   at Microsoft.EntityFrameworkCore.Update.Internal.BatchExecutor.ExecuteAsync(IEnumerable`1 commandBatches, IRelationalConnection connection, CancellationToken cancellationToken)
   at Microsoft.EntityFrameworkCore.Update.Internal.BatchExecutor.ExecuteAsync(IEnumerable`1 commandBatches, IRelationalConnection connection, CancellationToken cancellationToken)
   at Microsoft.EntityFrameworkCore.Update.Internal.BatchExecutor.ExecuteAsync(IEnumerable`1 commandBatches, IRelationalConnection connection, CancellationToken cancellationToken)
   at Microsoft.EntityFrameworkCore.ChangeTracking.Internal.StateManager.SaveChangesAsync(IList`1 entriesToSave, CancellationToken cancellationToken)
   at Microsoft.EntityFrameworkCore.ChangeTracking.Internal.StateManager.SaveChangesAsync(StateManager stateManager, Boolean acceptAllChangesOnSuccess, CancellationToken cancellationToken)
   at Microsoft.EntityFrameworkCore.SqlServer.Storage.Internal.SqlServerExecutionStrategy.ExecuteAsync[TState,TResult](TState state, Func`4 operation, Func`4 verifySucceeded, CancellationToken cancellationToken)
   at Microsoft.EntityFrameworkCore.DbContext.SaveChangesAsync(Boolean acceptAllChangesOnSuccess, CancellationToken cancellationToken)
   at Microsoft.EntityFrameworkCore.DbContext.SaveChangesAsync(Boolean acceptAllChangesOnSuccess, CancellationToken cancellationToken)
   at Persistence.UOW.AppUnitOfWork.SaveChangesAsync(CancellationToken cancellationToken) in C:\Users\ahmed\Desktop\Back\Back\src\Persistence\UOW\AppUnitOfWork.cs:line 36
   at Application.Segments.Commands.CreateSegmentCommandHandler.Handle(CreateSegmentCommand request, CancellationToken cancellationToken) in C:\Users\ahmed\Desktop\Back\Back\src\Application\Segments\Commands\CreateSegmentCommand.cs:line 60
   at Application.Behaviors.ValidationPipelineBehavior`2.Handle(TRequest request, RequestHandlerDelegate`1 next, CancellationToken cancellationToken) in C:\Users\ahmed\Desktop\Back\Back\src\Application\Behaviors\ValidationPipelineBehavior.cs:line 36
   at Application.Behaviors.ExceptionPipelineBehavior`2.Handle(TRequest request, RequestHandlerDelegate`1 next, CancellationToken cancellationToken) in C:\Users\ahmed\Desktop\Back\Back\src\Application\Behaviors\ExceptionPipelineBehavior.cs:line 22
2023-08-18T20:07:09.7693447+03:00 [INF] (FastEndpoints.StartupTimer) Registered 10 endpoints in 1318 milliseconds.
2023-08-18T20:07:09.9121218+03:00 [INF] (FastEndpoints.Swagger.ValidationSchemaProcessor) No validators found in the system!
2023-08-18T20:07:10.9595493+03:00 [WRN] (Microsoft.EntityFrameworkCore.Model.Validation) The property '"UserActionLog"."ChangedColumns"' is a collection or enumeration type with a value converter but with no value comparer. Set a value comparer to ensure the collection/enumeration elements are compared correctly.
2023-08-18T20:07:10.9675899+03:00 [WRN] (Microsoft.EntityFrameworkCore.Model.Validation) The property '"UserActionLog"."NewValues"' is a collection or enumeration type with a value converter but with no value comparer. Set a value comparer to ensure the collection/enumeration elements are compared correctly.
2023-08-18T20:07:10.9681203+03:00 [WRN] (Microsoft.EntityFrameworkCore.Model.Validation) The property '"UserActionLog"."OldValues"' is a collection or enumeration type with a value converter but with no value comparer. Set a value comparer to ensure the collection/enumeration elements are compared correctly.
2023-08-18T20:51:57.9056295+03:00 [INF] (FastEndpoints.StartupTimer) Registered 15 endpoints in 1779 milliseconds.
2023-08-18T20:51:58.0990066+03:00 [INF] (FastEndpoints.Swagger.ValidationSchemaProcessor) No validators found in the system!
2023-08-18T20:51:59.4155867+03:00 [WRN] (Microsoft.EntityFrameworkCore.Model.Validation) The property '"UserActionLog"."ChangedColumns"' is a collection or enumeration type with a value converter but with no value comparer. Set a value comparer to ensure the collection/enumeration elements are compared correctly.
2023-08-18T20:51:59.4207289+03:00 [WRN] (Microsoft.EntityFrameworkCore.Model.Validation) The property '"UserActionLog"."NewValues"' is a collection or enumeration type with a value converter but with no value comparer. Set a value comparer to ensure the collection/enumeration elements are compared correctly.
2023-08-18T20:51:59.4210984+03:00 [WRN] (Microsoft.EntityFrameworkCore.Model.Validation) The property '"UserActionLog"."OldValues"' is a collection or enumeration type with a value converter but with no value comparer. Set a value comparer to ensure the collection/enumeration elements are compared correctly.
2023-08-18T21:01:49.9029364+03:00 [INF] (FastEndpoints.StartupTimer) Registered 15 endpoints in 1540 milliseconds.
2023-08-18T21:01:50.0656527+03:00 [INF] (FastEndpoints.Swagger.ValidationSchemaProcessor) No validators found in the system!
2023-08-18T21:01:51.0966753+03:00 [WRN] (Microsoft.EntityFrameworkCore.Model.Validation) The property '"UserActionLog"."ChangedColumns"' is a collection or enumeration type with a value converter but with no value comparer. Set a value comparer to ensure the collection/enumeration elements are compared correctly.
2023-08-18T21:01:51.1033709+03:00 [WRN] (Microsoft.EntityFrameworkCore.Model.Validation) The property '"UserActionLog"."NewValues"' is a collection or enumeration type with a value converter but with no value comparer. Set a value comparer to ensure the collection/enumeration elements are compared correctly.
2023-08-18T21:01:51.1037228+03:00 [WRN] (Microsoft.EntityFrameworkCore.Model.Validation) The property '"UserActionLog"."OldValues"' is a collection or enumeration type with a value converter but with no value comparer. Set a value comparer to ensure the collection/enumeration elements are compared correctly.
2023-08-18T21:04:23.9439360+03:00 [INF] (FastEndpoints.StartupTimer) Registered 15 endpoints in 1235 milliseconds.
2023-08-18T21:04:24.0877796+03:00 [INF] (FastEndpoints.Swagger.ValidationSchemaProcessor) No validators found in the system!
2023-08-18T21:04:25.1853350+03:00 [WRN] (Microsoft.EntityFrameworkCore.Model.Validation) The property '"UserActionLog"."ChangedColumns"' is a collection or enumeration type with a value converter but with no value comparer. Set a value comparer to ensure the collection/enumeration elements are compared correctly.
2023-08-18T21:04:25.1919496+03:00 [WRN] (Microsoft.EntityFrameworkCore.Model.Validation) The property '"UserActionLog"."NewValues"' is a collection or enumeration type with a value converter but with no value comparer. Set a value comparer to ensure the collection/enumeration elements are compared correctly.
2023-08-18T21:04:25.1922765+03:00 [WRN] (Microsoft.EntityFrameworkCore.Model.Validation) The property '"UserActionLog"."OldValues"' is a collection or enumeration type with a value converter but with no value comparer. Set a value comparer to ensure the collection/enumeration elements are compared correctly.
2023-08-18T21:05:50.4988288+03:00 [INF] (FastEndpoints.StartupTimer) Registered 15 endpoints in 1349 milliseconds.
2023-08-18T21:05:50.7241456+03:00 [INF] (FastEndpoints.Swagger.ValidationSchemaProcessor) No validators found in the system!
2023-08-18T21:05:51.8482616+03:00 [WRN] (Microsoft.EntityFrameworkCore.Model.Validation) The property '"UserActionLog"."ChangedColumns"' is a collection or enumeration type with a value converter but with no value comparer. Set a value comparer to ensure the collection/enumeration elements are compared correctly.
2023-08-18T21:05:51.8547129+03:00 [WRN] (Microsoft.EntityFrameworkCore.Model.Validation) The property '"UserActionLog"."NewValues"' is a collection or enumeration type with a value converter but with no value comparer. Set a value comparer to ensure the collection/enumeration elements are compared correctly.
2023-08-18T21:05:51.8552096+03:00 [WRN] (Microsoft.EntityFrameworkCore.Model.Validation) The property '"UserActionLog"."OldValues"' is a collection or enumeration type with a value converter but with no value comparer. Set a value comparer to ensure the collection/enumeration elements are compared correctly.
2023-08-18T21:10:40.2112098+03:00 [INF] (FastEndpoints.StartupTimer) Registered 15 endpoints in 1566 milliseconds.
2023-08-18T21:10:40.4024564+03:00 [INF] (FastEndpoints.Swagger.ValidationSchemaProcessor) No validators found in the system!
2023-08-18T21:10:42.1143309+03:00 [WRN] (Microsoft.EntityFrameworkCore.Model.Validation) The property '"UserActionLog"."ChangedColumns"' is a collection or enumeration type with a value converter but with no value comparer. Set a value comparer to ensure the collection/enumeration elements are compared correctly.
2023-08-18T21:10:42.1235306+03:00 [WRN] (Microsoft.EntityFrameworkCore.Model.Validation) The property '"UserActionLog"."NewValues"' is a collection or enumeration type with a value converter but with no value comparer. Set a value comparer to ensure the collection/enumeration elements are compared correctly.
2023-08-18T21:10:42.1240039+03:00 [WRN] (Microsoft.EntityFrameworkCore.Model.Validation) The property '"UserActionLog"."OldValues"' is a collection or enumeration type with a value converter but with no value comparer. Set a value comparer to ensure the collection/enumeration elements are compared correctly.
2023-08-18T21:40:15.9550304+03:00 [INF] (FastEndpoints.StartupTimer) Registered 15 endpoints in 2154 milliseconds.
2023-08-18T21:40:16.2183369+03:00 [INF] (FastEndpoints.Swagger.ValidationSchemaProcessor) No validators found in the system!
2023-08-18T21:40:18.0390285+03:00 [WRN] (Microsoft.EntityFrameworkCore.Model.Validation) The property '"UserActionLog"."ChangedColumns"' is a collection or enumeration type with a value converter but with no value comparer. Set a value comparer to ensure the collection/enumeration elements are compared correctly.
2023-08-18T21:40:18.0517095+03:00 [WRN] (Microsoft.EntityFrameworkCore.Model.Validation) The property '"UserActionLog"."NewValues"' is a collection or enumeration type with a value converter but with no value comparer. Set a value comparer to ensure the collection/enumeration elements are compared correctly.
2023-08-18T21:40:18.0523349+03:00 [WRN] (Microsoft.EntityFrameworkCore.Model.Validation) The property '"UserActionLog"."OldValues"' is a collection or enumeration type with a value converter but with no value comparer. Set a value comparer to ensure the collection/enumeration elements are compared correctly.
2023-08-18T21:49:55.9610124+03:00 [INF] (FastEndpoints.StartupTimer) Registered 15 endpoints in 1832 milliseconds.
2023-08-18T21:49:58.4279352+03:00 [INF] (FastEndpoints.Swagger.ValidationSchemaProcessor) No validators found in the system!
2023-08-18T21:49:59.5792179+03:00 [WRN] (Microsoft.EntityFrameworkCore.Model.Validation) The property '"UserActionLog"."ChangedColumns"' is a collection or enumeration type with a value converter but with no value comparer. Set a value comparer to ensure the collection/enumeration elements are compared correctly.
2023-08-18T21:49:59.5849371+03:00 [WRN] (Microsoft.EntityFrameworkCore.Model.Validation) The property '"UserActionLog"."NewValues"' is a collection or enumeration type with a value converter but with no value comparer. Set a value comparer to ensure the collection/enumeration elements are compared correctly.
2023-08-18T21:49:59.5854786+03:00 [WRN] (Microsoft.EntityFrameworkCore.Model.Validation) The property '"UserActionLog"."OldValues"' is a collection or enumeration type with a value converter but with no value comparer. Set a value comparer to ensure the collection/enumeration elements are compared correctly.
2023-08-18T22:22:43.4862071+03:00 [INF] (FastEndpoints.StartupTimer) Registered 20 endpoints in 1265 milliseconds.
2023-08-18T22:22:43.6481360+03:00 [INF] (FastEndpoints.Swagger.ValidationSchemaProcessor) No validators found in the system!
2023-08-18T22:22:44.9267446+03:00 [WRN] (Microsoft.EntityFrameworkCore.Model.Validation) The property '"UserActionLog"."ChangedColumns"' is a collection or enumeration type with a value converter but with no value comparer. Set a value comparer to ensure the collection/enumeration elements are compared correctly.
2023-08-18T22:22:44.9344520+03:00 [WRN] (Microsoft.EntityFrameworkCore.Model.Validation) The property '"UserActionLog"."NewValues"' is a collection or enumeration type with a value converter but with no value comparer. Set a value comparer to ensure the collection/enumeration elements are compared correctly.
2023-08-18T22:22:44.9348444+03:00 [WRN] (Microsoft.EntityFrameworkCore.Model.Validation) The property '"UserActionLog"."OldValues"' is a collection or enumeration type with a value converter but with no value comparer. Set a value comparer to ensure the collection/enumeration elements are compared correctly.
2023-08-18T22:23:29.5589678+03:00 [ERR] (Application.ExtraDatas.Commands.CreateExtraDataCommand) [CreateExtraDataCommand] Exception in "CreateExtraDataCommand"
System.InvalidOperationException: Unable to track an entity of type 'ExtraData' because its primary key property 'Id' is null.
   at Microsoft.EntityFrameworkCore.ChangeTracking.Internal.NullableKeyIdentityMap`1.Add(InternalEntityEntry entry)
   at Microsoft.EntityFrameworkCore.ChangeTracking.Internal.StateManager.StartTracking(InternalEntityEntry entry)
   at Microsoft.EntityFrameworkCore.ChangeTracking.Internal.InternalEntityEntry.SetEntityState(EntityState oldState, EntityState newState, Boolean acceptChanges, Boolean modifyProperties)
   at Microsoft.EntityFrameworkCore.ChangeTracking.Internal.InternalEntityEntry.SetEntityStateAsync(EntityState entityState, Boolean acceptChanges, Boolean modifyProperties, Nullable`1 forceStateWhenUnknownKey, Nullable`1 fallbackState, CancellationToken cancellationToken)
   at Microsoft.EntityFrameworkCore.ChangeTracking.Internal.EntityGraphAttacher.PaintActionAsync(EntityEntryGraphNode`1 node, CancellationToken cancellationToken)
   at Microsoft.EntityFrameworkCore.ChangeTracking.Internal.EntityEntryGraphIterator.TraverseGraphAsync[TState](EntityEntryGraphNode`1 node, Func`3 handleNode, CancellationToken cancellationToken)
   at Microsoft.EntityFrameworkCore.ChangeTracking.Internal.EntityGraphAttacher.AttachGraphAsync(InternalEntityEntry rootEntry, EntityState targetState, EntityState storeGeneratedWithKeySetTargetState, Boolean forceStateWhenUnknownKey, CancellationToken cancellationToken)
   at Microsoft.EntityFrameworkCore.Internal.InternalDbSet`1.AddAsync(TEntity entity, CancellationToken cancellationToken)
   at Persistence.Repositories.Base.BaseRepository`1.AddAsync(T entity, CancellationToken cancellationToken) in C:\Users\ahmed\Desktop\Back\Back\src\Persistence\Repositories\Base\BaseRepository.cs:line 24
   at Application.ExtraDatas.Commands.CreateExtraDataCommandHandler.Handle(CreateExtraDataCommand request, CancellationToken cancellationToken) in C:\Users\ahmed\Desktop\Back\Back\src\Application\ExtraDatas\Commands\CreateExtraDataCommand.cs:line 56
   at Application.Behaviors.ValidationPipelineBehavior`2.Handle(TRequest request, RequestHandlerDelegate`1 next, CancellationToken cancellationToken) in C:\Users\ahmed\Desktop\Back\Back\src\Application\Behaviors\ValidationPipelineBehavior.cs:line 36
   at Application.Behaviors.ExceptionPipelineBehavior`2.Handle(TRequest request, RequestHandlerDelegate`1 next, CancellationToken cancellationToken) in C:\Users\ahmed\Desktop\Back\Back\src\Application\Behaviors\ExceptionPipelineBehavior.cs:line 22
2023-08-18T22:25:35.6070856+03:00 [INF] (FastEndpoints.StartupTimer) Registered 20 endpoints in 1200 milliseconds.
2023-08-18T22:25:35.7473379+03:00 [INF] (FastEndpoints.Swagger.ValidationSchemaProcessor) No validators found in the system!
2023-08-18T22:25:36.7630014+03:00 [WRN] (Microsoft.EntityFrameworkCore.Model.Validation) The property '"UserActionLog"."ChangedColumns"' is a collection or enumeration type with a value converter but with no value comparer. Set a value comparer to ensure the collection/enumeration elements are compared correctly.
2023-08-18T22:25:36.7681586+03:00 [WRN] (Microsoft.EntityFrameworkCore.Model.Validation) The property '"UserActionLog"."NewValues"' is a collection or enumeration type with a value converter but with no value comparer. Set a value comparer to ensure the collection/enumeration elements are compared correctly.
2023-08-18T22:25:36.7685173+03:00 [WRN] (Microsoft.EntityFrameworkCore.Model.Validation) The property '"UserActionLog"."OldValues"' is a collection or enumeration type with a value converter but with no value comparer. Set a value comparer to ensure the collection/enumeration elements are compared correctly.
2023-08-18T22:27:18.9891557+03:00 [ERR] (Application.ExtraDatas.Commands.CreateExtraDataCommand) [CreateExtraDataCommand] Exception in "CreateExtraDataCommand"
System.InvalidOperationException: Unable to track an entity of type 'ExtraData' because its primary key property 'Id' is null.
   at Microsoft.EntityFrameworkCore.ChangeTracking.Internal.NullableKeyIdentityMap`1.Add(InternalEntityEntry entry)
   at Microsoft.EntityFrameworkCore.ChangeTracking.Internal.StateManager.StartTracking(InternalEntityEntry entry)
   at Microsoft.EntityFrameworkCore.ChangeTracking.Internal.InternalEntityEntry.SetEntityState(EntityState oldState, EntityState newState, Boolean acceptChanges, Boolean modifyProperties)
   at Microsoft.EntityFrameworkCore.ChangeTracking.Internal.InternalEntityEntry.SetEntityStateAsync(EntityState entityState, Boolean acceptChanges, Boolean modifyProperties, Nullable`1 forceStateWhenUnknownKey, Nullable`1 fallbackState, CancellationToken cancellationToken)
   at Microsoft.EntityFrameworkCore.ChangeTracking.Internal.EntityGraphAttacher.PaintActionAsync(EntityEntryGraphNode`1 node, CancellationToken cancellationToken)
   at Microsoft.EntityFrameworkCore.ChangeTracking.Internal.EntityEntryGraphIterator.TraverseGraphAsync[TState](EntityEntryGraphNode`1 node, Func`3 handleNode, CancellationToken cancellationToken)
   at Microsoft.EntityFrameworkCore.ChangeTracking.Internal.EntityGraphAttacher.AttachGraphAsync(InternalEntityEntry rootEntry, EntityState targetState, EntityState storeGeneratedWithKeySetTargetState, Boolean forceStateWhenUnknownKey, CancellationToken cancellationToken)
   at Microsoft.EntityFrameworkCore.Internal.InternalDbSet`1.AddAsync(TEntity entity, CancellationToken cancellationToken)
   at Persistence.Repositories.Base.BaseRepository`1.AddAsync(T entity, CancellationToken cancellationToken) in C:\Users\ahmed\Desktop\Back\Back\src\Persistence\Repositories\Base\BaseRepository.cs:line 24
   at Application.ExtraDatas.Commands.CreateExtraDataCommandHandler.Handle(CreateExtraDataCommand request, CancellationToken cancellationToken) in C:\Users\ahmed\Desktop\Back\Back\src\Application\ExtraDatas\Commands\CreateExtraDataCommand.cs:line 56
   at Application.Behaviors.ValidationPipelineBehavior`2.Handle(TRequest request, RequestHandlerDelegate`1 next, CancellationToken cancellationToken) in C:\Users\ahmed\Desktop\Back\Back\src\Application\Behaviors\ValidationPipelineBehavior.cs:line 36
   at Application.Behaviors.ExceptionPipelineBehavior`2.Handle(TRequest request, RequestHandlerDelegate`1 next, CancellationToken cancellationToken) in C:\Users\ahmed\Desktop\Back\Back\src\Application\Behaviors\ExceptionPipelineBehavior.cs:line 22
