2023-08-13T13:55:38.1868980+03:00 [INF] (FastEndpoints.StartupTimer) Registered 4 endpoints in 1002 milliseconds.
2023-08-13T13:55:38.5432548+03:00 [INF] (FastEndpoints.Swagger.ValidationSchemaProcessor) No validators found in the system!
2023-08-13T13:55:39.7584837+03:00 [WRN] (Microsoft.EntityFrameworkCore.Model.Validation) The property '"UserActionLog"."ChangedColumns"' is a collection or enumeration type with a value converter but with no value comparer. Set a value comparer to ensure the collection/enumeration elements are compared correctly.
2023-08-13T13:55:39.7617093+03:00 [WRN] (Microsoft.EntityFrameworkCore.Model.Validation) The property '"UserActionLog"."NewValues"' is a collection or enumeration type with a value converter but with no value comparer. Set a value comparer to ensure the collection/enumeration elements are compared correctly.
2023-08-13T13:55:39.7621521+03:00 [WRN] (Microsoft.EntityFrameworkCore.Model.Validation) The property '"UserActionLog"."OldValues"' is a collection or enumeration type with a value converter but with no value comparer. Set a value comparer to ensure the collection/enumeration elements are compared correctly.
2023-08-13T13:55:39.7624943+03:00 [WRN] (Microsoft.EntityFrameworkCore.Model.Validation) The property '"Airport"."CityName"' is a collection or enumeration type with a value converter but with no value comparer. Set a value comparer to ensure the collection/enumeration elements are compared correctly.
2023-08-13T13:55:39.7625688+03:00 [WRN] (Microsoft.EntityFrameworkCore.Model.Validation) The property '"Airport"."CountryName"' is a collection or enumeration type with a value converter but with no value comparer. Set a value comparer to ensure the collection/enumeration elements are compared correctly.
2023-08-13T13:55:39.7694054+03:00 [WRN] (Microsoft.EntityFrameworkCore.Model.Validation) The property '"Airport"."Name"' is a collection or enumeration type with a value converter but with no value comparer. Set a value comparer to ensure the collection/enumeration elements are compared correctly.
2023-08-13T14:20:07.2807798+03:00 [INF] (FastEndpoints.StartupTimer) Registered 4 endpoints in 622 milliseconds.
2023-08-13T14:20:07.3031855+03:00 [ERR] (FastEndpoints.DuplicateHandlerRegistration) The route "POST:/api/airport" has 2 endpoints registered to handle requests!
2023-08-13T14:20:49.0019523+03:00 [INF] (FastEndpoints.StartupTimer) Registered 4 endpoints in 981 milliseconds.
2023-08-13T14:20:49.1586440+03:00 [INF] (FastEndpoints.Swagger.ValidationSchemaProcessor) No validators found in the system!
2023-08-13T14:20:50.0696510+03:00 [WRN] (Microsoft.EntityFrameworkCore.Model.Validation) The property '"UserActionLog"."ChangedColumns"' is a collection or enumeration type with a value converter but with no value comparer. Set a value comparer to ensure the collection/enumeration elements are compared correctly.
2023-08-13T14:20:50.0758093+03:00 [WRN] (Microsoft.EntityFrameworkCore.Model.Validation) The property '"UserActionLog"."NewValues"' is a collection or enumeration type with a value converter but with no value comparer. Set a value comparer to ensure the collection/enumeration elements are compared correctly.
2023-08-13T14:20:50.0762406+03:00 [WRN] (Microsoft.EntityFrameworkCore.Model.Validation) The property '"UserActionLog"."OldValues"' is a collection or enumeration type with a value converter but with no value comparer. Set a value comparer to ensure the collection/enumeration elements are compared correctly.
2023-08-13T14:20:50.0767516+03:00 [WRN] (Microsoft.EntityFrameworkCore.Model.Validation) The property '"Airport"."CityName"' is a collection or enumeration type with a value converter but with no value comparer. Set a value comparer to ensure the collection/enumeration elements are compared correctly.
2023-08-13T14:20:50.0768620+03:00 [WRN] (Microsoft.EntityFrameworkCore.Model.Validation) The property '"Airport"."CountryName"' is a collection or enumeration type with a value converter but with no value comparer. Set a value comparer to ensure the collection/enumeration elements are compared correctly.
2023-08-13T14:20:50.0842926+03:00 [WRN] (Microsoft.EntityFrameworkCore.Model.Validation) The property '"Airport"."Name"' is a collection or enumeration type with a value converter but with no value comparer. Set a value comparer to ensure the collection/enumeration elements are compared correctly.
2023-08-13T14:21:54.7512072+03:00 [INF] (FastEndpoints.StartupTimer) Registered 4 endpoints in 559 milliseconds.
2023-08-13T14:21:54.8457617+03:00 [INF] (FastEndpoints.Swagger.ValidationSchemaProcessor) No validators found in the system!
2023-08-13T14:21:55.3820923+03:00 [WRN] (Microsoft.EntityFrameworkCore.Model.Validation) The property '"UserActionLog"."ChangedColumns"' is a collection or enumeration type with a value converter but with no value comparer. Set a value comparer to ensure the collection/enumeration elements are compared correctly.
2023-08-13T14:21:55.3846317+03:00 [WRN] (Microsoft.EntityFrameworkCore.Model.Validation) The property '"UserActionLog"."NewValues"' is a collection or enumeration type with a value converter but with no value comparer. Set a value comparer to ensure the collection/enumeration elements are compared correctly.
2023-08-13T14:21:55.3848367+03:00 [WRN] (Microsoft.EntityFrameworkCore.Model.Validation) The property '"UserActionLog"."OldValues"' is a collection or enumeration type with a value converter but with no value comparer. Set a value comparer to ensure the collection/enumeration elements are compared correctly.
2023-08-13T14:21:55.3851059+03:00 [WRN] (Microsoft.EntityFrameworkCore.Model.Validation) The property '"Airport"."CityName"' is a collection or enumeration type with a value converter but with no value comparer. Set a value comparer to ensure the collection/enumeration elements are compared correctly.
2023-08-13T14:21:55.3851665+03:00 [WRN] (Microsoft.EntityFrameworkCore.Model.Validation) The property '"Airport"."CountryName"' is a collection or enumeration type with a value converter but with no value comparer. Set a value comparer to ensure the collection/enumeration elements are compared correctly.
2023-08-13T14:21:55.3897790+03:00 [WRN] (Microsoft.EntityFrameworkCore.Model.Validation) The property '"Airport"."Name"' is a collection or enumeration type with a value converter but with no value comparer. Set a value comparer to ensure the collection/enumeration elements are compared correctly.
2023-08-13T14:23:02.9648632+03:00 [INF] (FastEndpoints.StartupTimer) Registered 4 endpoints in 598 milliseconds.
2023-08-13T14:23:03.0627522+03:00 [INF] (FastEndpoints.Swagger.ValidationSchemaProcessor) No validators found in the system!
2023-08-13T14:23:03.6201731+03:00 [WRN] (Microsoft.EntityFrameworkCore.Model.Validation) The property '"UserActionLog"."ChangedColumns"' is a collection or enumeration type with a value converter but with no value comparer. Set a value comparer to ensure the collection/enumeration elements are compared correctly.
2023-08-13T14:23:03.6234759+03:00 [WRN] (Microsoft.EntityFrameworkCore.Model.Validation) The property '"UserActionLog"."NewValues"' is a collection or enumeration type with a value converter but with no value comparer. Set a value comparer to ensure the collection/enumeration elements are compared correctly.
2023-08-13T14:23:03.6237503+03:00 [WRN] (Microsoft.EntityFrameworkCore.Model.Validation) The property '"UserActionLog"."OldValues"' is a collection or enumeration type with a value converter but with no value comparer. Set a value comparer to ensure the collection/enumeration elements are compared correctly.
2023-08-13T14:23:03.6240413+03:00 [WRN] (Microsoft.EntityFrameworkCore.Model.Validation) The property '"Airport"."CityName"' is a collection or enumeration type with a value converter but with no value comparer. Set a value comparer to ensure the collection/enumeration elements are compared correctly.
2023-08-13T14:23:03.6241087+03:00 [WRN] (Microsoft.EntityFrameworkCore.Model.Validation) The property '"Airport"."CountryName"' is a collection or enumeration type with a value converter but with no value comparer. Set a value comparer to ensure the collection/enumeration elements are compared correctly.
2023-08-13T14:23:03.6287280+03:00 [WRN] (Microsoft.EntityFrameworkCore.Model.Validation) The property '"Airport"."Name"' is a collection or enumeration type with a value converter but with no value comparer. Set a value comparer to ensure the collection/enumeration elements are compared correctly.
2023-08-13T16:39:22.3846421+03:00 [INF] (FastEndpoints.StartupTimer) Registered 4 endpoints in 926 milliseconds.
2023-08-13T16:39:22.5113425+03:00 [INF] (FastEndpoints.Swagger.ValidationSchemaProcessor) No validators found in the system!
2023-08-13T16:39:23.2816802+03:00 [WRN] (Microsoft.EntityFrameworkCore.Model.Validation) The property '"UserActionLog"."ChangedColumns"' is a collection or enumeration type with a value converter but with no value comparer. Set a value comparer to ensure the collection/enumeration elements are compared correctly.
2023-08-13T16:39:23.2845988+03:00 [WRN] (Microsoft.EntityFrameworkCore.Model.Validation) The property '"UserActionLog"."NewValues"' is a collection or enumeration type with a value converter but with no value comparer. Set a value comparer to ensure the collection/enumeration elements are compared correctly.
2023-08-13T16:39:23.2848273+03:00 [WRN] (Microsoft.EntityFrameworkCore.Model.Validation) The property '"UserActionLog"."OldValues"' is a collection or enumeration type with a value converter but with no value comparer. Set a value comparer to ensure the collection/enumeration elements are compared correctly.
2023-08-13T16:39:23.2851257+03:00 [WRN] (Microsoft.EntityFrameworkCore.Model.Validation) The property '"Airport"."CityName"' is a collection or enumeration type with a value converter but with no value comparer. Set a value comparer to ensure the collection/enumeration elements are compared correctly.
2023-08-13T16:39:23.2851924+03:00 [WRN] (Microsoft.EntityFrameworkCore.Model.Validation) The property '"Airport"."CountryName"' is a collection or enumeration type with a value converter but with no value comparer. Set a value comparer to ensure the collection/enumeration elements are compared correctly.
2023-08-13T16:39:23.2907392+03:00 [WRN] (Microsoft.EntityFrameworkCore.Model.Validation) The property '"Airport"."Name"' is a collection or enumeration type with a value converter but with no value comparer. Set a value comparer to ensure the collection/enumeration elements are compared correctly.
2023-08-13T16:41:24.6134526+03:00 [INF] (FastEndpoints.StartupTimer) Registered 4 endpoints in 598 milliseconds.
2023-08-13T16:41:24.7161539+03:00 [INF] (FastEndpoints.Swagger.ValidationSchemaProcessor) No validators found in the system!
2023-08-13T16:41:25.3153826+03:00 [WRN] (Microsoft.EntityFrameworkCore.Model.Validation) The property '"UserActionLog"."ChangedColumns"' is a collection or enumeration type with a value converter but with no value comparer. Set a value comparer to ensure the collection/enumeration elements are compared correctly.
2023-08-13T16:41:25.3181807+03:00 [WRN] (Microsoft.EntityFrameworkCore.Model.Validation) The property '"UserActionLog"."NewValues"' is a collection or enumeration type with a value converter but with no value comparer. Set a value comparer to ensure the collection/enumeration elements are compared correctly.
2023-08-13T16:41:25.3184310+03:00 [WRN] (Microsoft.EntityFrameworkCore.Model.Validation) The property '"UserActionLog"."OldValues"' is a collection or enumeration type with a value converter but with no value comparer. Set a value comparer to ensure the collection/enumeration elements are compared correctly.
2023-08-13T16:41:25.3187283+03:00 [WRN] (Microsoft.EntityFrameworkCore.Model.Validation) The property '"Airport"."CityName"' is a collection or enumeration type with a value converter but with no value comparer. Set a value comparer to ensure the collection/enumeration elements are compared correctly.
2023-08-13T16:41:25.3188025+03:00 [WRN] (Microsoft.EntityFrameworkCore.Model.Validation) The property '"Airport"."CountryName"' is a collection or enumeration type with a value converter but with no value comparer. Set a value comparer to ensure the collection/enumeration elements are compared correctly.
2023-08-13T16:41:25.3236813+03:00 [WRN] (Microsoft.EntityFrameworkCore.Model.Validation) The property '"Airport"."Name"' is a collection or enumeration type with a value converter but with no value comparer. Set a value comparer to ensure the collection/enumeration elements are compared correctly.
2023-08-13T16:45:53.8285747+03:00 [ERR] (Application.Airports.Queries.SearchAirportsQuery) [SearchAirportsQuery] Exception in "SearchAirportsQuery"
System.ArgumentException: 'createdDate' is not a member of type 'Domain.Airports.Airport' (Parameter 'propertyOrFieldName')
   at System.Linq.Expressions.Expression.PropertyOrField(Expression expression, String propertyOrFieldName)
   at Domain.Extensions.Specification.SpecificationBuilderExtensions.OrderBy[T](ISpecificationBuilder`1 specificationBuilder, String[] orderByFields) in D:\Flynas\Projects\GlobalSetting\Back\src\Domain\Extensions\Specification\SpecificationBuilderExtensions.cs:line 479
   at Domain.Extensions.Specification.SpecificationBuilderExtensions.PaginateBy[T](ISpecificationBuilder`1 query, PaginationFilter filter) in D:\Flynas\Projects\GlobalSetting\Back\src\Domain\Extensions\Specification\SpecificationBuilderExtensions.cs:line 37
   at Domain.Extensions.Specification.EntitiesByPaginationFilterSpec`2..ctor(PaginationFilter filter) in D:\Flynas\Projects\GlobalSetting\Back\src\Domain\Extensions\Specification\EntitiesByPaginationFilterSpec.cs:line 11
   at Persistence.Repositories.GetAllAirportsSpec..ctor(PaginationFilter request) in D:\Flynas\Projects\GlobalSetting\Back\src\Persistence\Repositories\AirportRepository.cs:line 46
   at Persistence.Repositories.AirportRepository.GetAll(PaginationFilter request, CancellationToken cancellationToken) in D:\Flynas\Projects\GlobalSetting\Back\src\Persistence\Repositories\AirportRepository.cs:line 38
   at Application.Airports.Queries.SearchInvoicesQueryHandler.Handle(SearchAirportsQuery request, CancellationToken cancellationToken) in D:\Flynas\Projects\GlobalSetting\Back\src\Application\Airports\Queries\SearchAirportsQuery.cs:line 19
   at Application.Behaviors.ValidationPipelineBehavior`2.Handle(TRequest request, RequestHandlerDelegate`1 next, CancellationToken cancellationToken) in D:\Flynas\Projects\GlobalSetting\Back\src\Application\Behaviors\ValidationPipelineBehavior.cs:line 21
   at Application.Behaviors.ExceptionPipelineBehavior`2.Handle(TRequest request, RequestHandlerDelegate`1 next, CancellationToken cancellationToken) in D:\Flynas\Projects\GlobalSetting\Back\src\Application\Behaviors\ExceptionPipelineBehavior.cs:line 22
