2023-08-14T11:22:20.3097766+03:00 [INF] (FastEndpoints.StartupTimer) Registered 4 endpoints in 1236 milliseconds.
2023-08-14T11:22:20.5573645+03:00 [INF] (FastEndpoints.Swagger.ValidationSchemaProcessor) No validators found in the system!
2023-08-14T11:22:21.6006910+03:00 [WRN] (Microsoft.EntityFrameworkCore.Model.Validation) The property '"UserActionLog"."ChangedColumns"' is a collection or enumeration type with a value converter but with no value comparer. Set a value comparer to ensure the collection/enumeration elements are compared correctly.
2023-08-14T11:22:21.6036652+03:00 [WRN] (Microsoft.EntityFrameworkCore.Model.Validation) The property '"UserActionLog"."NewValues"' is a collection or enumeration type with a value converter but with no value comparer. Set a value comparer to ensure the collection/enumeration elements are compared correctly.
2023-08-14T11:22:21.6040215+03:00 [WRN] (Microsoft.EntityFrameworkCore.Model.Validation) The property '"UserActionLog"."OldValues"' is a collection or enumeration type with a value converter but with no value comparer. Set a value comparer to ensure the collection/enumeration elements are compared correctly.
2023-08-14T11:22:21.6043463+03:00 [WRN] (Microsoft.EntityFrameworkCore.Model.Validation) The property '"Airport"."CityName"' is a collection or enumeration type with a value converter but with no value comparer. Set a value comparer to ensure the collection/enumeration elements are compared correctly.
2023-08-14T11:22:21.6044191+03:00 [WRN] (Microsoft.EntityFrameworkCore.Model.Validation) The property '"Airport"."CountryName"' is a collection or enumeration type with a value converter but with no value comparer. Set a value comparer to ensure the collection/enumeration elements are compared correctly.
2023-08-14T11:22:21.6099954+03:00 [WRN] (Microsoft.EntityFrameworkCore.Model.Validation) The property '"Airport"."Name"' is a collection or enumeration type with a value converter but with no value comparer. Set a value comparer to ensure the collection/enumeration elements are compared correctly.
2023-08-14T11:25:41.2481649+03:00 [INF] (FastEndpoints.StartupTimer) Registered 4 endpoints in 615 milliseconds.
2023-08-14T11:25:41.3703085+03:00 [INF] (FastEndpoints.Swagger.ValidationSchemaProcessor) No validators found in the system!
2023-08-14T11:25:41.9352422+03:00 [WRN] (Microsoft.EntityFrameworkCore.Model.Validation) The property '"UserActionLog"."ChangedColumns"' is a collection or enumeration type with a value converter but with no value comparer. Set a value comparer to ensure the collection/enumeration elements are compared correctly.
2023-08-14T11:25:41.9390561+03:00 [WRN] (Microsoft.EntityFrameworkCore.Model.Validation) The property '"UserActionLog"."NewValues"' is a collection or enumeration type with a value converter but with no value comparer. Set a value comparer to ensure the collection/enumeration elements are compared correctly.
2023-08-14T11:25:41.9393241+03:00 [WRN] (Microsoft.EntityFrameworkCore.Model.Validation) The property '"UserActionLog"."OldValues"' is a collection or enumeration type with a value converter but with no value comparer. Set a value comparer to ensure the collection/enumeration elements are compared correctly.
2023-08-14T11:25:41.9396377+03:00 [WRN] (Microsoft.EntityFrameworkCore.Model.Validation) The property '"Airport"."CityName"' is a collection or enumeration type with a value converter but with no value comparer. Set a value comparer to ensure the collection/enumeration elements are compared correctly.
2023-08-14T11:25:41.9397028+03:00 [WRN] (Microsoft.EntityFrameworkCore.Model.Validation) The property '"Airport"."CountryName"' is a collection or enumeration type with a value converter but with no value comparer. Set a value comparer to ensure the collection/enumeration elements are compared correctly.
2023-08-14T11:25:41.9439398+03:00 [WRN] (Microsoft.EntityFrameworkCore.Model.Validation) The property '"Airport"."Name"' is a collection or enumeration type with a value converter but with no value comparer. Set a value comparer to ensure the collection/enumeration elements are compared correctly.
2023-08-14T11:28:45.3435969+03:00 [INF] (FastEndpoints.StartupTimer) Registered 4 endpoints in 595 milliseconds.
2023-08-14T11:28:45.4771086+03:00 [INF] (FastEndpoints.Swagger.ValidationSchemaProcessor) No validators found in the system!
2023-08-14T11:28:46.1095710+03:00 [WRN] (Microsoft.EntityFrameworkCore.Model.Validation) The property '"UserActionLog"."ChangedColumns"' is a collection or enumeration type with a value converter but with no value comparer. Set a value comparer to ensure the collection/enumeration elements are compared correctly.
2023-08-14T11:28:46.1123243+03:00 [WRN] (Microsoft.EntityFrameworkCore.Model.Validation) The property '"UserActionLog"."NewValues"' is a collection or enumeration type with a value converter but with no value comparer. Set a value comparer to ensure the collection/enumeration elements are compared correctly.
2023-08-14T11:28:46.1125497+03:00 [WRN] (Microsoft.EntityFrameworkCore.Model.Validation) The property '"UserActionLog"."OldValues"' is a collection or enumeration type with a value converter but with no value comparer. Set a value comparer to ensure the collection/enumeration elements are compared correctly.
2023-08-14T11:28:46.1128410+03:00 [WRN] (Microsoft.EntityFrameworkCore.Model.Validation) The property '"Airport"."CityName"' is a collection or enumeration type with a value converter but with no value comparer. Set a value comparer to ensure the collection/enumeration elements are compared correctly.
2023-08-14T11:28:46.1129103+03:00 [WRN] (Microsoft.EntityFrameworkCore.Model.Validation) The property '"Airport"."CountryName"' is a collection or enumeration type with a value converter but with no value comparer. Set a value comparer to ensure the collection/enumeration elements are compared correctly.
2023-08-14T11:28:46.1171047+03:00 [WRN] (Microsoft.EntityFrameworkCore.Model.Validation) The property '"Airport"."Name"' is a collection or enumeration type with a value converter but with no value comparer. Set a value comparer to ensure the collection/enumeration elements are compared correctly.
2023-08-14T11:52:18.9906024+03:00 [INF] (FastEndpoints.StartupTimer) Registered 5 endpoints in 650 milliseconds.
2023-08-14T11:52:19.1348594+03:00 [INF] (FastEndpoints.Swagger.ValidationSchemaProcessor) No validators found in the system!
2023-08-14T11:52:19.8757719+03:00 [WRN] (Microsoft.EntityFrameworkCore.Model.Validation) The property '"UserActionLog"."ChangedColumns"' is a collection or enumeration type with a value converter but with no value comparer. Set a value comparer to ensure the collection/enumeration elements are compared correctly.
2023-08-14T11:52:19.8803402+03:00 [WRN] (Microsoft.EntityFrameworkCore.Model.Validation) The property '"UserActionLog"."NewValues"' is a collection or enumeration type with a value converter but with no value comparer. Set a value comparer to ensure the collection/enumeration elements are compared correctly.
2023-08-14T11:52:19.8806187+03:00 [WRN] (Microsoft.EntityFrameworkCore.Model.Validation) The property '"UserActionLog"."OldValues"' is a collection or enumeration type with a value converter but with no value comparer. Set a value comparer to ensure the collection/enumeration elements are compared correctly.
2023-08-14T11:52:19.8809308+03:00 [WRN] (Microsoft.EntityFrameworkCore.Model.Validation) The property '"Airport"."CityName"' is a collection or enumeration type with a value converter but with no value comparer. Set a value comparer to ensure the collection/enumeration elements are compared correctly.
2023-08-14T11:52:19.8809981+03:00 [WRN] (Microsoft.EntityFrameworkCore.Model.Validation) The property '"Airport"."CountryName"' is a collection or enumeration type with a value converter but with no value comparer. Set a value comparer to ensure the collection/enumeration elements are compared correctly.
2023-08-14T11:52:19.8854143+03:00 [WRN] (Microsoft.EntityFrameworkCore.Model.Validation) The property '"Airport"."Name"' is a collection or enumeration type with a value converter but with no value comparer. Set a value comparer to ensure the collection/enumeration elements are compared correctly.
2023-08-14T12:25:49.3314927+03:00 [ERR] (Microsoft.EntityFrameworkCore.Database.Connection) An error occurred using the connection to database '"GlobalSetting"' on server '"185.198.27.42,1433"'.
2023-08-14T12:25:49.5100459+03:00 [ERR] (Application.Airports.Queries.SearchAirportsQuery) [SearchAirportsQuery] Exception in "SearchAirportsQuery"
System.Threading.Tasks.TaskCanceledException: A task was canceled.
   at Microsoft.EntityFrameworkCore.Storage.RelationalConnection.OpenInternalAsync(Boolean errorsExpected, CancellationToken cancellationToken)
   at Microsoft.EntityFrameworkCore.Storage.RelationalConnection.OpenInternalAsync(Boolean errorsExpected, CancellationToken cancellationToken)
   at Microsoft.EntityFrameworkCore.Storage.RelationalConnection.OpenAsync(CancellationToken cancellationToken, Boolean errorsExpected)
   at Microsoft.EntityFrameworkCore.Storage.RelationalCommand.ExecuteReaderAsync(RelationalCommandParameterObject parameterObject, CancellationToken cancellationToken)
   at Microsoft.EntityFrameworkCore.Query.Internal.SingleQueryingEnumerable`1.AsyncEnumerator.InitializeReaderAsync(AsyncEnumerator enumerator, CancellationToken cancellationToken)
   at Microsoft.EntityFrameworkCore.SqlServer.Storage.Internal.SqlServerExecutionStrategy.ExecuteAsync[TState,TResult](TState state, Func`4 operation, Func`4 verifySucceeded, CancellationToken cancellationToken)
   at Microsoft.EntityFrameworkCore.Query.Internal.SingleQueryingEnumerable`1.AsyncEnumerator.MoveNextAsync()
   at Microsoft.EntityFrameworkCore.EntityFrameworkQueryableExtensions.ToListAsync[TSource](IQueryable`1 source, CancellationToken cancellationToken)
   at Microsoft.EntityFrameworkCore.EntityFrameworkQueryableExtensions.ToListAsync[TSource](IQueryable`1 source, CancellationToken cancellationToken)
   at Ardalis.Specification.EntityFrameworkCore.RepositoryBase`1.ListAsync[TResult](ISpecification`2 specification, CancellationToken cancellationToken)
   at Domain.Extensions.Models.PaginationResponseExtensions.PaginatedListAsync[T,TDestination](IReadRepositoryBase`1 repository, ISpecification`2 spec, Int32 pageNumber, Int32 pageSize, CancellationToken cancellationToken) in D:\Flynas\Projects\GlobalSetting\Back\src\Domain\Extensions\Models\PaginationResponseExtensions.cs:line 12
   at Persistence.Repositories.AirportRepository.GetAll(PaginationFilter request, CancellationToken cancellationToken) in D:\Flynas\Projects\GlobalSetting\Back\src\Persistence\Repositories\AirportRepository.cs:line 38
   at Application.Airports.Queries.SearchInvoicesQueryHandler.Handle(SearchAirportsQuery request, CancellationToken cancellationToken) in D:\Flynas\Projects\GlobalSetting\Back\src\Application\Airports\Queries\SearchAirportsQuery.cs:line 19
   at Application.Behaviors.ValidationPipelineBehavior`2.Handle(TRequest request, RequestHandlerDelegate`1 next, CancellationToken cancellationToken) in D:\Flynas\Projects\GlobalSetting\Back\src\Application\Behaviors\ValidationPipelineBehavior.cs:line 21
   at Application.Behaviors.ExceptionPipelineBehavior`2.Handle(TRequest request, RequestHandlerDelegate`1 next, CancellationToken cancellationToken) in D:\Flynas\Projects\GlobalSetting\Back\src\Application\Behaviors\ExceptionPipelineBehavior.cs:line 22
